  Attack.cpp
c:\users\usuario\desktop\scott\scott\enemy.h(43): error C2365: 'Enemy::IDLE': redefinition; previous definition was 'enumerator'
  c:\users\usuario\desktop\scott\scott\enemy.h(14): note: see declaration of 'Enemy::IDLE'
c:\users\usuario\desktop\scott\scott\enemy.h(43): error C2365: 'Enemy::ATTACK': redefinition; previous definition was 'enumerator'
  c:\users\usuario\desktop\scott\scott\enemy.h(14): note: see declaration of 'Enemy::ATTACK'
  Box.cpp
c:\users\usuario\desktop\scott\scott\enemy.h(43): error C2365: 'Enemy::IDLE': redefinition; previous definition was 'enumerator'
  c:\users\usuario\desktop\scott\scott\enemy.h(14): note: see declaration of 'Enemy::IDLE'
c:\users\usuario\desktop\scott\scott\enemy.h(43): error C2365: 'Enemy::ATTACK': redefinition; previous definition was 'enumerator'
  c:\users\usuario\desktop\scott\scott\enemy.h(14): note: see declaration of 'Enemy::ATTACK'
  Enemy.cpp
c:\users\usuario\desktop\scott\scott\enemy.h(43): error C2365: 'Enemy::IDLE': redefinition; previous definition was 'enumerator'
  c:\users\usuario\desktop\scott\scott\enemy.h(14): note: see declaration of 'Enemy::IDLE'
c:\users\usuario\desktop\scott\scott\enemy.h(43): error C2365: 'Enemy::ATTACK': redefinition; previous definition was 'enumerator'
  c:\users\usuario\desktop\scott\scott\enemy.h(14): note: see declaration of 'Enemy::ATTACK'
c:\users\usuario\desktop\scott\scott\enemy.cpp(248): error C2440: '=': cannot convert from 'Enemy::EnemyAnims' to 'Enemy::enemyState'
  c:\users\usuario\desktop\scott\scott\enemy.cpp(248): note: Conversion to enumeration type requires an explicit cast (static_cast, C-style cast or function-style cast)
c:\users\usuario\desktop\scott\scott\enemy.cpp(229): error C2196: case value '1' already used
  Game.cpp
c:\users\usuario\desktop\scott\scott\enemy.h(43): error C2365: 'Enemy::IDLE': redefinition; previous definition was 'enumerator'
  c:\users\usuario\desktop\scott\scott\enemy.h(14): note: see declaration of 'Enemy::IDLE'
c:\users\usuario\desktop\scott\scott\enemy.h(43): error C2365: 'Enemy::ATTACK': redefinition; previous definition was 'enumerator'
  c:\users\usuario\desktop\scott\scott\enemy.h(14): note: see declaration of 'Enemy::ATTACK'
  Level.cpp
c:\users\usuario\desktop\scott\scott\enemy.h(43): error C2365: 'Enemy::IDLE': redefinition; previous definition was 'enumerator'
  c:\users\usuario\desktop\scott\scott\enemy.h(14): note: see declaration of 'Enemy::IDLE'
c:\users\usuario\desktop\scott\scott\enemy.h(43): error C2365: 'Enemy::ATTACK': redefinition; previous definition was 'enumerator'
  c:\users\usuario\desktop\scott\scott\enemy.h(14): note: see declaration of 'Enemy::ATTACK'
c:\users\usuario\desktop\scott\scott\level.cpp(73): warning C4018: '<': signed/unsigned mismatch
  main.cpp
c:\users\usuario\desktop\scott\scott\enemy.h(43): error C2365: 'Enemy::IDLE': redefinition; previous definition was 'enumerator'
  c:\users\usuario\desktop\scott\scott\enemy.h(14): note: see declaration of 'Enemy::IDLE'
c:\users\usuario\desktop\scott\scott\enemy.h(43): error C2365: 'Enemy::ATTACK': redefinition; previous definition was 'enumerator'
  c:\users\usuario\desktop\scott\scott\enemy.h(14): note: see declaration of 'Enemy::ATTACK'
  Physics.cpp
c:\users\usuario\desktop\scott\scott\enemy.h(43): error C2365: 'Enemy::IDLE': redefinition; previous definition was 'enumerator'
  c:\users\usuario\desktop\scott\scott\enemy.h(14): note: see declaration of 'Enemy::IDLE'
c:\users\usuario\desktop\scott\scott\enemy.h(43): error C2365: 'Enemy::ATTACK': redefinition; previous definition was 'enumerator'
  c:\users\usuario\desktop\scott\scott\enemy.h(14): note: see declaration of 'Enemy::ATTACK'
c:\users\usuario\desktop\scott\scott\physics.cpp(31): warning C4018: '<': signed/unsigned mismatch
c:\users\usuario\desktop\scott\scott\physics.cpp(37): warning C4018: '<': signed/unsigned mismatch
  Player.cpp
c:\users\usuario\desktop\scott\scott\enemy.h(43): error C2365: 'Enemy::IDLE': redefinition; previous definition was 'enumerator'
  c:\users\usuario\desktop\scott\scott\enemy.h(14): note: see declaration of 'Enemy::IDLE'
c:\users\usuario\desktop\scott\scott\enemy.h(43): error C2365: 'Enemy::ATTACK': redefinition; previous definition was 'enumerator'
  c:\users\usuario\desktop\scott\scott\enemy.h(14): note: see declaration of 'Enemy::ATTACK'
  Generating Code...
